# JRE version: Java(TM) SE Runtime Environment (8.0_172-b11) (build 1.8.0_172-b11)
# Java VM: Java HotSpot(TM) 64-Bit Server VM (25.172-b11 mixed mode windows-amd64 compressed oops)
Heap:
 PSYoungGen      total 385024K, used 170819K [0x000000076d600000, 0x0000000787200000, 0x00000007c0000000)
  eden space 363520K, 46% used [0x000000076d600000,0x0000000777cd0ce0,0x0000000783900000)
  from space 21504K, 0% used [0x0000000785200000,0x0000000785200000,0x0000000786700000)
  to   space 25600K, 0% used [0x0000000783900000,0x0000000783900000,0x0000000785200000)
 ParOldGen       total 276992K, used 41850K [0x00000006c8200000, 0x00000006d9080000, 0x000000076d600000)
  object space 276992K, 15% used [0x00000006c8200000,0x00000006caade850,0x00000006d9080000)
 Metaspace       used 60756K, capacity 62086K, committed 62424K, reserved 1103872K
  class space    used 7485K, capacity 7819K, committed 7896K, reserved 1048576K
GC Heap History (10 events):
Event: 17.076 GC heap before
{Heap before GC invocations=15 (full 2):
 PSYoungGen      total 246784K, used 245591K [0x000000076d600000, 0x000000077d680000, 0x00000007c0000000)
  eden space 237056K, 100% used [0x000000076d600000,0x000000077bd80000,0x000000077bd80000)
  from space 9728K, 87% used [0x000000077cd00000,0x000000077d555c68,0x000000077d680000)
  to   space 12800K, 0% used [0x000000077bd80000,0x000000077bd80000,0x000000077ca00000)
 ParOldGen       total 190976K, used 18802K [0x00000006c8200000, 0x00000006d3c80000, 0x000000076d600000)
  object space 190976K, 9% used [0x00000006c8200000,0x00000006c945cb58,0x00000006d3c80000)
 Metaspace       used 48878K, capacity 50064K, committed 50520K, reserved 1093632K
  class space    used 6062K, capacity 6370K, committed 6488K, reserved 1048576K
Event: 17.090 GC heap after
Heap after GC invocations=15 (full 2):
 PSYoungGen      total 249856K, used 12774K [0x000000076d600000, 0x0000000781200000, 0x00000007c0000000)
  eden space 237056K, 0% used [0x000000076d600000,0x000000076d600000,0x000000077bd80000)
  from space 12800K, 99% used [0x000000077bd80000,0x000000077c9f9b00,0x000000077ca00000)
  to   space 14848K, 0% used [0x0000000780380000,0x0000000780380000,0x0000000781200000)
 ParOldGen       total 190976K, used 19910K [0x00000006c8200000, 0x00000006d3c80000, 0x000000076d600000)
  object space 190976K, 10% used [0x00000006c8200000,0x00000006c9571a60,0x00000006d3c80000)
 Metaspace       used 48878K, capacity 50064K, committed 50520K, reserved 1093632K
  class space    used 6062K, capacity 6370K, committed 6488K, reserved 1048576K
}
Event: 18.635 GC heap before
{Heap before GC invocations=16 (full 2):
 PSYoungGen      total 249856K, used 249830K [0x000000076d600000, 0x0000000781200000, 0x00000007c0000000)
  eden space 237056K, 100% used [0x000000076d600000,0x000000077bd80000,0x000000077bd80000)
  from space 12800K, 99% used [0x000000077bd80000,0x000000077c9f9b00,0x000000077ca00000)
  to   space 14848K, 0% used [0x0000000780380000,0x0000000780380000,0x0000000781200000)
 ParOldGen       total 190976K, used 19910K [0x00000006c8200000, 0x00000006d3c80000, 0x000000076d600000)
  object space 190976K, 10% used [0x00000006c8200000,0x00000006c9571a60,0x00000006d3c80000)
 Metaspace       used 52547K, capacity 53772K, committed 53976K, reserved 1095680K
  class space    used 6489K, capacity 6828K, committed 6872K, reserved 1048576K
Event: 18.651 GC heap after
Heap after GC invocations=16 (full 2):
 PSYoungGen      total 306176K, used 14844K [0x000000076d600000, 0x0000000781780000, 0x00000007c0000000)
  eden space 291328K, 0% used [0x000000076d600000,0x000000076d600000,0x000000077f280000)
  from space 14848K, 99% used [0x0000000780380000,0x00000007811ff198,0x0000000781200000)
  to   space 17408K, 0% used [0x000000077f280000,0x000000077f280000,0x0000000780380000)
 ParOldGen       total 190976K, used 21570K [0x00000006c8200000, 0x00000006d3c80000, 0x000000076d600000)
  object space 190976K, 11% used [0x00000006c8200000,0x00000006c9710ad8,0x00000006d3c80000)
 Metaspace       used 52547K, capacity 53772K, committed 53976K, reserved 1095680K
  class space    used 6489K, capacity 6828K, committed 6872K, reserved 1048576K
}
Event: 19.900 GC heap before
{Heap before GC invocations=17 (full 2):
 PSYoungGen      total 306176K, used 306172K [0x000000076d600000, 0x0000000781780000, 0x00000007c0000000)
  eden space 291328K, 100% used [0x000000076d600000,0x000000077f280000,0x000000077f280000)
  from space 14848K, 99% used [0x0000000780380000,0x00000007811ff198,0x0000000781200000)
  to   space 17408K, 0% used [0x000000077f280000,0x000000077f280000,0x0000000780380000)
 ParOldGen       total 190976K, used 21570K [0x00000006c8200000, 0x00000006d3c80000, 0x000000076d600000)
  object space 190976K, 11% used [0x00000006c8200000,0x00000006c9710ad8,0x00000006d3c80000)
 Metaspace       used 55800K, capacity 57094K, committed 57432K, reserved 1099776K
  class space    used 6792K, capacity 7131K, committed 7256K, reserved 1048576K
Event: 19.921 GC heap after
Heap after GC invocations=17 (full 2):
 PSYoungGen      total 308736K, used 17399K [0x000000076d600000, 0x0000000786700000, 0x00000007c0000000)
  eden space 291328K, 0% used [0x000000076d600000,0x000000076d600000,0x000000077f280000)
  from space 17408K, 99% used [0x000000077f280000,0x000000078037dd10,0x0000000780380000)
  to   space 21504K, 0% used [0x0000000785200000,0x0000000785200000,0x0000000786700000)
 ParOldGen       total 190976K, used 25952K [0x00000006c8200000, 0x00000006d3c80000, 0x000000076d600000)
  object space 190976K, 13% used [0x00000006c8200000,0x00000006c9b58108,0x00000006d3c80000)
 Metaspace       used 55800K, capacity 57094K, committed 57432K, reserved 1099776K
  class space    used 6792K, capacity 7131K, committed 7256K, reserved 1048576K
}
Event: 21.408 GC heap before
{Heap before GC invocations=18 (full 2):
 PSYoungGen      total 308736K, used 215247K [0x000000076d600000, 0x0000000786700000, 0x00000007c0000000)
  eden space 291328K, 67% used [0x000000076d600000,0x00000007797361b8,0x000000077f280000)
  from space 17408K, 99% used [0x000000077f280000,0x000000078037dd10,0x0000000780380000)
  to   space 21504K, 0% used [0x0000000785200000,0x0000000785200000,0x0000000786700000)
 ParOldGen       total 190976K, used 25952K [0x00000006c8200000, 0x00000006d3c80000, 0x000000076d600000)
  object space 190976K, 13% used [0x00000006c8200000,0x00000006c9b58108,0x00000006d3c80000)
 Metaspace       used 57487K, capacity 58780K, committed 59028K, reserved 1101824K
  class space    used 7020K, capacity 7364K, committed 7384K, reserved 1048576K
Event: 21.430 GC heap after
Heap after GC invocations=18 (full 2):
 PSYoungGen      total 385024K, used 21500K [0x000000076d600000, 0x0000000787200000, 0x00000007c0000000)
  eden space 363520K, 0% used [0x000000076d600000,0x000000076d600000,0x0000000783900000)
  from space 21504K, 99% used [0x0000000785200000,0x00000007866ff310,0x0000000786700000)
  to   space 25600K, 0% used [0x0000000783900000,0x0000000783900000,0x0000000785200000)
 ParOldGen       total 190976K, used 28334K [0x00000006c8200000, 0x00000006d3c80000, 0x000000076d600000)
  object space 190976K, 14% used [0x00000006c8200000,0x00000006c9dab910,0x00000006d3c80000)
 Metaspace       used 57487K, capacity 58780K, committed 59028K, reserved 1101824K
  class space    used 7020K, capacity 7364K, committed 7384K, reserved 1048576K
}
Event: 21.430 GC heap before
{Heap before GC invocations=19 (full 3):
 PSYoungGen      total 385024K, used 21500K [0x000000076d600000, 0x0000000787200000, 0x00000007c0000000)
  eden space 363520K, 0% used [0x000000076d600000,0x000000076d600000,0x0000000783900000)
  from space 21504K, 99% used [0x0000000785200000,0x00000007866ff310,0x0000000786700000)
  to   space 25600K, 0% used [0x0000000783900000,0x0000000783900000,0x0000000785200000)
 ParOldGen       total 190976K, used 28334K [0x00000006c8200000, 0x00000006d3c80000, 0x000000076d600000)
  object space 190976K, 14% used [0x00000006c8200000,0x00000006c9dab910,0x00000006d3c80000)
 Metaspace       used 57487K, capacity 58780K, committed 59028K, reserved 1101824K
  class space    used 7020K, capacity 7364K, committed 7384K, reserved 1048576K
Event: 21.646 GC heap after
Heap after GC invocations=19 (full 3):
 PSYoungGen      total 385024K, used 0K [0x000000076d600000, 0x0000000787200000, 0x00000007c0000000)
  eden space 363520K, 0% used [0x000000076d600000,0x000000076d600000,0x0000000783900000)
  from space 21504K, 0% used [0x0000000785200000,0x0000000785200000,0x0000000786700000)
  to   space 25600K, 0% used [0x0000000783900000,0x0000000783900000,0x0000000785200000)
 ParOldGen       total 276992K, used 41850K [0x00000006c8200000, 0x00000006d9080000, 0x000000076d600000)
  object space 276992K, 15% used [0x00000006c8200000,0x00000006caade850,0x00000006d9080000)
 Metaspace       used 57487K, capacity 58780K, committed 59028K, reserved 1101824K
  class space    used 7020K, capacity 7364K, committed 7384K, reserved 1048576K
}

